<?xml version="1.0" encoding="UTF-8"?>
<testng-results skipped="0" failed="0" ignored="0" total="20" passed="20">
  <reporter-output>
  </reporter-output>
  <suite name="Book-Flight-Module" duration-ms="60508" started-at="2020-07-03T07:22:40Z" finished-at="2020-07-03T07:23:40Z">
    <groups>
    </groups>
    <test name="book-flight-1" duration-ms="16145" started-at="2020-07-03T07:22:40Z" finished-at="2020-07-03T07:22:56Z">
      <class name="com.newtours.test.BookFlightTest">
        <test-method status="PASS" signature="setupDriver(org.testng.ITestContext)[pri:0, instance:com.newtours.test.BookFlightTest@57536d79]" name="setupDriver" is-config="true" duration-ms="4519" started-at="2020-07-03T07:22:40Z" finished-at="2020-07-03T07:22:44Z">
          <params>
            <param index="0">
              <value>
                <![CDATA[org.testng.TestRunner@5be82d43]]>
              </value>
            </param>
          </params>
          <reporter-output>
          </reporter-output>
        </test-method> <!-- setupDriver -->
        <test-method status="PASS" signature="setupParameters(java.lang.String, java.lang.String)[pri:0, instance:com.newtours.test.BookFlightTest@57536d79]" name="setupParameters" is-config="true" duration-ms="1" started-at="2020-07-03T07:22:44Z" depends-on-methods="tests.BaseTest.setupDriver" finished-at="2020-07-03T07:22:44Z">
          <params>
            <param index="0">
              <value>
                <![CDATA[1]]>
              </value>
            </param>
            <param index="1">
              <value>
                <![CDATA[$584 USD]]>
              </value>
            </param>
          </params>
          <reporter-output>
          </reporter-output>
        </test-method> <!-- setupParameters -->
        <test-method status="PASS" signature="RegistrationPageTest()[pri:0, instance:com.newtours.test.BookFlightTest@57536d79]" name="RegistrationPageTest" duration-ms="3928" started-at="2020-07-03T07:22:44Z" finished-at="2020-07-03T07:22:48Z">
          <reporter-output>
          </reporter-output>
        </test-method> <!-- RegistrationPageTest -->
        <test-method status="PASS" signature="registrationConfirmationPageTest()[pri:0, instance:com.newtours.test.BookFlightTest@57536d79]" name="registrationConfirmationPageTest" duration-ms="1230" started-at="2020-07-03T07:22:48Z" depends-on-methods="com.newtours.test.BookFlightTest.RegistrationPageTest" finished-at="2020-07-03T07:22:50Z">
          <reporter-output>
          </reporter-output>
        </test-method> <!-- registrationConfirmationPageTest -->
        <test-method status="PASS" signature="flightDetailsPageTest()[pri:0, instance:com.newtours.test.BookFlightTest@57536d79]" name="flightDetailsPageTest" duration-ms="1274" started-at="2020-07-03T07:22:50Z" depends-on-methods="com.newtours.test.BookFlightTest.registrationConfirmationPageTest" finished-at="2020-07-03T07:22:51Z">
          <reporter-output>
          </reporter-output>
        </test-method> <!-- flightDetailsPageTest -->
        <test-method status="PASS" signature="findFlightPageTest()[pri:0, instance:com.newtours.test.BookFlightTest@57536d79]" name="findFlightPageTest" duration-ms="2738" started-at="2020-07-03T07:22:51Z" depends-on-methods="com.newtours.test.BookFlightTest.flightDetailsPageTest" finished-at="2020-07-03T07:22:54Z">
          <reporter-output>
          </reporter-output>
        </test-method> <!-- findFlightPageTest -->
        <test-method status="PASS" signature="flightConfirmationPageTest()[pri:0, instance:com.newtours.test.BookFlightTest@57536d79]" name="flightConfirmationPageTest" duration-ms="1516" started-at="2020-07-03T07:22:54Z" depends-on-methods="com.newtours.test.BookFlightTest.findFlightPageTest" finished-at="2020-07-03T07:22:55Z">
          <reporter-output>
          </reporter-output>
        </test-method> <!-- flightConfirmationPageTest -->
        <test-method status="PASS" signature="closeDriver()[pri:0, instance:com.newtours.test.BookFlightTest@57536d79]" name="closeDriver" is-config="true" duration-ms="913" started-at="2020-07-03T07:22:55Z" finished-at="2020-07-03T07:22:56Z">
          <reporter-output>
          </reporter-output>
        </test-method> <!-- closeDriver -->
      </class> <!-- com.newtours.test.BookFlightTest -->
    </test> <!-- book-flight-1 -->
    <test name="book-flight-2" duration-ms="16927" started-at="2020-07-03T07:22:56Z" finished-at="2020-07-03T07:23:13Z">
      <class name="com.newtours.test.BookFlightTest">
        <test-method status="PASS" signature="setupDriver(org.testng.ITestContext)[pri:0, instance:com.newtours.test.BookFlightTest@6ebc05a6]" name="setupDriver" is-config="true" duration-ms="3551" started-at="2020-07-03T07:22:56Z" finished-at="2020-07-03T07:23:00Z">
          <params>
            <param index="0">
              <value>
                <![CDATA[org.testng.TestRunner@600b0b7]]>
              </value>
            </param>
          </params>
          <reporter-output>
          </reporter-output>
        </test-method> <!-- setupDriver -->
        <test-method status="PASS" signature="setupParameters(java.lang.String, java.lang.String)[pri:0, instance:com.newtours.test.BookFlightTest@6ebc05a6]" name="setupParameters" is-config="true" duration-ms="1" started-at="2020-07-03T07:23:00Z" depends-on-methods="tests.BaseTest.setupDriver" finished-at="2020-07-03T07:23:00Z">
          <params>
            <param index="0">
              <value>
                <![CDATA[2]]>
              </value>
            </param>
            <param index="1">
              <value>
                <![CDATA[$1169 USD]]>
              </value>
            </param>
          </params>
          <reporter-output>
          </reporter-output>
        </test-method> <!-- setupParameters -->
        <test-method status="PASS" signature="RegistrationPageTest()[pri:0, instance:com.newtours.test.BookFlightTest@6ebc05a6]" name="RegistrationPageTest" duration-ms="4833" started-at="2020-07-03T07:23:00Z" finished-at="2020-07-03T07:23:05Z">
          <reporter-output>
          </reporter-output>
        </test-method> <!-- RegistrationPageTest -->
        <test-method status="PASS" signature="registrationConfirmationPageTest()[pri:0, instance:com.newtours.test.BookFlightTest@6ebc05a6]" name="registrationConfirmationPageTest" duration-ms="1666" started-at="2020-07-03T07:23:05Z" depends-on-methods="com.newtours.test.BookFlightTest.RegistrationPageTest" finished-at="2020-07-03T07:23:06Z">
          <reporter-output>
          </reporter-output>
        </test-method> <!-- registrationConfirmationPageTest -->
        <test-method status="PASS" signature="flightDetailsPageTest()[pri:0, instance:com.newtours.test.BookFlightTest@6ebc05a6]" name="flightDetailsPageTest" duration-ms="1452" started-at="2020-07-03T07:23:06Z" depends-on-methods="com.newtours.test.BookFlightTest.registrationConfirmationPageTest" finished-at="2020-07-03T07:23:08Z">
          <reporter-output>
          </reporter-output>
        </test-method> <!-- flightDetailsPageTest -->
        <test-method status="PASS" signature="findFlightPageTest()[pri:0, instance:com.newtours.test.BookFlightTest@6ebc05a6]" name="findFlightPageTest" duration-ms="3037" started-at="2020-07-03T07:23:08Z" depends-on-methods="com.newtours.test.BookFlightTest.flightDetailsPageTest" finished-at="2020-07-03T07:23:11Z">
          <reporter-output>
          </reporter-output>
        </test-method> <!-- findFlightPageTest -->
        <test-method status="PASS" signature="flightConfirmationPageTest()[pri:0, instance:com.newtours.test.BookFlightTest@6ebc05a6]" name="flightConfirmationPageTest" duration-ms="1567" started-at="2020-07-03T07:23:11Z" depends-on-methods="com.newtours.test.BookFlightTest.findFlightPageTest" finished-at="2020-07-03T07:23:12Z">
          <reporter-output>
          </reporter-output>
        </test-method> <!-- flightConfirmationPageTest -->
        <test-method status="PASS" signature="closeDriver()[pri:0, instance:com.newtours.test.BookFlightTest@6ebc05a6]" name="closeDriver" is-config="true" duration-ms="810" started-at="2020-07-03T07:23:12Z" finished-at="2020-07-03T07:23:13Z">
          <reporter-output>
          </reporter-output>
        </test-method> <!-- closeDriver -->
      </class> <!-- com.newtours.test.BookFlightTest -->
    </test> <!-- book-flight-2 -->
    <test name="book-flight-3" duration-ms="13842" started-at="2020-07-03T07:23:13Z" finished-at="2020-07-03T07:23:27Z">
      <class name="com.newtours.test.BookFlightTest">
        <test-method status="PASS" signature="setupDriver(org.testng.ITestContext)[pri:0, instance:com.newtours.test.BookFlightTest@4973813a]" name="setupDriver" is-config="true" duration-ms="2621" started-at="2020-07-03T07:23:13Z" finished-at="2020-07-03T07:23:16Z">
          <params>
            <param index="0">
              <value>
                <![CDATA[org.testng.TestRunner@345e5a17]]>
              </value>
            </param>
          </params>
          <reporter-output>
          </reporter-output>
        </test-method> <!-- setupDriver -->
        <test-method status="PASS" signature="setupParameters(java.lang.String, java.lang.String)[pri:0, instance:com.newtours.test.BookFlightTest@4973813a]" name="setupParameters" is-config="true" duration-ms="0" started-at="2020-07-03T07:23:16Z" depends-on-methods="tests.BaseTest.setupDriver" finished-at="2020-07-03T07:23:16Z">
          <params>
            <param index="0">
              <value>
                <![CDATA[3]]>
              </value>
            </param>
            <param index="1">
              <value>
                <![CDATA[$1753 USD]]>
              </value>
            </param>
          </params>
          <reporter-output>
          </reporter-output>
        </test-method> <!-- setupParameters -->
        <test-method status="PASS" signature="RegistrationPageTest()[pri:0, instance:com.newtours.test.BookFlightTest@4973813a]" name="RegistrationPageTest" duration-ms="3664" started-at="2020-07-03T07:23:16Z" finished-at="2020-07-03T07:23:19Z">
          <reporter-output>
          </reporter-output>
        </test-method> <!-- RegistrationPageTest -->
        <test-method status="PASS" signature="registrationConfirmationPageTest()[pri:0, instance:com.newtours.test.BookFlightTest@4973813a]" name="registrationConfirmationPageTest" duration-ms="1224" started-at="2020-07-03T07:23:19Z" depends-on-methods="com.newtours.test.BookFlightTest.RegistrationPageTest" finished-at="2020-07-03T07:23:21Z">
          <reporter-output>
          </reporter-output>
        </test-method> <!-- registrationConfirmationPageTest -->
        <test-method status="PASS" signature="flightDetailsPageTest()[pri:0, instance:com.newtours.test.BookFlightTest@4973813a]" name="flightDetailsPageTest" duration-ms="1313" started-at="2020-07-03T07:23:21Z" depends-on-methods="com.newtours.test.BookFlightTest.registrationConfirmationPageTest" finished-at="2020-07-03T07:23:22Z">
          <reporter-output>
          </reporter-output>
        </test-method> <!-- flightDetailsPageTest -->
        <test-method status="PASS" signature="findFlightPageTest()[pri:0, instance:com.newtours.test.BookFlightTest@4973813a]" name="findFlightPageTest" duration-ms="2733" started-at="2020-07-03T07:23:22Z" depends-on-methods="com.newtours.test.BookFlightTest.flightDetailsPageTest" finished-at="2020-07-03T07:23:25Z">
          <reporter-output>
          </reporter-output>
        </test-method> <!-- findFlightPageTest -->
        <test-method status="PASS" signature="flightConfirmationPageTest()[pri:0, instance:com.newtours.test.BookFlightTest@4973813a]" name="flightConfirmationPageTest" duration-ms="1515" started-at="2020-07-03T07:23:25Z" depends-on-methods="com.newtours.test.BookFlightTest.findFlightPageTest" finished-at="2020-07-03T07:23:26Z">
          <reporter-output>
          </reporter-output>
        </test-method> <!-- flightConfirmationPageTest -->
        <test-method status="PASS" signature="closeDriver()[pri:0, instance:com.newtours.test.BookFlightTest@4973813a]" name="closeDriver" is-config="true" duration-ms="768" started-at="2020-07-03T07:23:26Z" finished-at="2020-07-03T07:23:27Z">
          <reporter-output>
          </reporter-output>
        </test-method> <!-- closeDriver -->
      </class> <!-- com.newtours.test.BookFlightTest -->
    </test> <!-- book-flight-3 -->
    <test name="book-flight-4" duration-ms="13425" started-at="2020-07-03T07:23:27Z" finished-at="2020-07-03T07:23:40Z">
      <class name="com.newtours.test.BookFlightTest">
        <test-method status="PASS" signature="setupDriver(org.testng.ITestContext)[pri:0, instance:com.newtours.test.BookFlightTest@6737fd8f]" name="setupDriver" is-config="true" duration-ms="1952" started-at="2020-07-03T07:23:27Z" finished-at="2020-07-03T07:23:29Z">
          <params>
            <param index="0">
              <value>
                <![CDATA[org.testng.TestRunner@5ea502e0]]>
              </value>
            </param>
          </params>
          <reporter-output>
          </reporter-output>
        </test-method> <!-- setupDriver -->
        <test-method status="PASS" signature="setupParameters(java.lang.String, java.lang.String)[pri:0, instance:com.newtours.test.BookFlightTest@6737fd8f]" name="setupParameters" is-config="true" duration-ms="1" started-at="2020-07-03T07:23:29Z" depends-on-methods="tests.BaseTest.setupDriver" finished-at="2020-07-03T07:23:29Z">
          <params>
            <param index="0">
              <value>
                <![CDATA[4]]>
              </value>
            </param>
            <param index="1">
              <value>
                <![CDATA[$2338 USD]]>
              </value>
            </param>
          </params>
          <reporter-output>
          </reporter-output>
        </test-method> <!-- setupParameters -->
        <test-method status="PASS" signature="RegistrationPageTest()[pri:0, instance:com.newtours.test.BookFlightTest@6737fd8f]" name="RegistrationPageTest" duration-ms="3971" started-at="2020-07-03T07:23:29Z" finished-at="2020-07-03T07:23:33Z">
          <reporter-output>
          </reporter-output>
        </test-method> <!-- RegistrationPageTest -->
        <test-method status="PASS" signature="registrationConfirmationPageTest()[pri:0, instance:com.newtours.test.BookFlightTest@6737fd8f]" name="registrationConfirmationPageTest" duration-ms="1270" started-at="2020-07-03T07:23:33Z" depends-on-methods="com.newtours.test.BookFlightTest.RegistrationPageTest" finished-at="2020-07-03T07:23:34Z">
          <reporter-output>
          </reporter-output>
        </test-method> <!-- registrationConfirmationPageTest -->
        <test-method status="PASS" signature="flightDetailsPageTest()[pri:0, instance:com.newtours.test.BookFlightTest@6737fd8f]" name="flightDetailsPageTest" duration-ms="1308" started-at="2020-07-03T07:23:34Z" depends-on-methods="com.newtours.test.BookFlightTest.registrationConfirmationPageTest" finished-at="2020-07-03T07:23:36Z">
          <reporter-output>
          </reporter-output>
        </test-method> <!-- flightDetailsPageTest -->
        <test-method status="PASS" signature="findFlightPageTest()[pri:0, instance:com.newtours.test.BookFlightTest@6737fd8f]" name="findFlightPageTest" duration-ms="2529" started-at="2020-07-03T07:23:36Z" depends-on-methods="com.newtours.test.BookFlightTest.flightDetailsPageTest" finished-at="2020-07-03T07:23:38Z">
          <reporter-output>
          </reporter-output>
        </test-method> <!-- findFlightPageTest -->
        <test-method status="PASS" signature="flightConfirmationPageTest()[pri:0, instance:com.newtours.test.BookFlightTest@6737fd8f]" name="flightConfirmationPageTest" duration-ms="1625" started-at="2020-07-03T07:23:38Z" depends-on-methods="com.newtours.test.BookFlightTest.findFlightPageTest" finished-at="2020-07-03T07:23:40Z">
          <reporter-output>
          </reporter-output>
        </test-method> <!-- flightConfirmationPageTest -->
        <test-method status="PASS" signature="closeDriver()[pri:0, instance:com.newtours.test.BookFlightTest@6737fd8f]" name="closeDriver" is-config="true" duration-ms="765" started-at="2020-07-03T07:23:40Z" finished-at="2020-07-03T07:23:40Z">
          <reporter-output>
          </reporter-output>
        </test-method> <!-- closeDriver -->
      </class> <!-- com.newtours.test.BookFlightTest -->
    </test> <!-- book-flight-4 -->
  </suite> <!-- Book-Flight-Module -->
</testng-results>
